{"ts": "2025-12-18T04:20:44.830+00:00", "src": "Cloud", "dst": "CP(VID=1)", "bytes": 33}
{"ts": "2025-12-18T04:20:44.830+00:00", "src": "Cloud", "dst": "CP(VID=2)", "bytes": 33}
{"ts": "2025-12-18T04:20:44.830+00:00", "src": "Cloud", "dst": "CP(VID=3)", "bytes": 33}
{"ts": "2025-12-18T04:20:44.830+00:00", "src": "Cloud", "dst": "CP(VID=4)", "bytes": 33}
{"ts": "2025-12-18T04:20:44.830+00:00", "src": "Cloud", "dst": "CP(VID=5)", "bytes": 33}
{"ts": "2025-12-18T04:20:44.833+00:00", "src": "CP(VID=1)", "dst": "Cloud", "bytes": 153}
{"ts": "2025-12-18T04:20:44.833+00:00", "src": "CP(VID=2)", "dst": "Cloud", "bytes": 153}
{"ts": "2025-12-18T04:20:44.834+00:00", "src": "CP(VID=3)", "dst": "Cloud", "bytes": 153}
{"ts": "2025-12-18T04:20:44.835+00:00", "src": "CP(VID=4)", "dst": "Cloud", "bytes": 153}
{"ts": "2025-12-18T04:20:44.836+00:00", "src": "CP(VID=5)", "dst": "Cloud", "bytes": 153}
{"ts": "2025-12-18T04:20:44.838+00:00", "src": "Cloud", "dst": "CP(VID=1)", "bytes": 63}
{"ts": "2025-12-18T04:20:44.840+00:00", "src": "Cloud", "dst": "CP(VID=2)", "bytes": 63}
{"ts": "2025-12-18T04:20:44.843+00:00", "src": "Cloud", "dst": "CP(VID=3)", "bytes": 63}
{"ts": "2025-12-18T04:20:44.845+00:00", "src": "Cloud", "dst": "CP(VID=4)", "bytes": 63}
{"ts": "2025-12-18T04:20:44.847+00:00", "src": "Cloud", "dst": "CP(VID=5)", "bytes": 63}
{"ts": "2025-12-18T04:20:44.848+00:00", "src": "", "dst": "", "bytes": 0, "phase": "party_auth_verify_one", "duration": 0.001138}
[Raw data] 20 DP secrets: [25, 20, 31, 79, 61, 54, 96, 22, 83, 44, 49, 0, 0, 32, 90, 71, 65, 29, 89, 72]

{"ts": "2025-12-18T04:20:44.884+00:00", "src": "DP1", "dst": "CP(i=1)", "bytes": 381}
{"ts": "2025-12-18T04:20:44.884+00:00", "src": "DP1", "dst": "CP(i=2)", "bytes": 381}
{"ts": "2025-12-18T04:20:44.884+00:00", "src": "DP1", "dst": "CP(i=3)", "bytes": 381}
{"ts": "2025-12-18T04:20:44.884+00:00", "src": "DP1", "dst": "CP(i=4)", "bytes": 381}
{"ts": "2025-12-18T04:20:44.884+00:00", "src": "DP1", "dst": "CP(i=5)", "bytes": 381}
{"ts": "2025-12-18T04:20:44.919+00:00", "src": "DP2", "dst": "CP(i=1)", "bytes": 381}
{"ts": "2025-12-18T04:20:44.919+00:00", "src": "DP2", "dst": "CP(i=2)", "bytes": 381}
{"ts": "2025-12-18T04:20:44.919+00:00", "src": "DP2", "dst": "CP(i=3)", "bytes": 381}
{"ts": "2025-12-18T04:20:44.919+00:00", "src": "DP2", "dst": "CP(i=4)", "bytes": 381}
{"ts": "2025-12-18T04:20:44.919+00:00", "src": "DP2", "dst": "CP(i=5)", "bytes": 381}
{"ts": "2025-12-18T04:20:44.955+00:00", "src": "DP3", "dst": "CP(i=1)", "bytes": 381}
{"ts": "2025-12-18T04:20:44.955+00:00", "src": "DP3", "dst": "CP(i=2)", "bytes": 381}
{"ts": "2025-12-18T04:20:44.955+00:00", "src": "DP3", "dst": "CP(i=3)", "bytes": 381}
{"ts": "2025-12-18T04:20:44.955+00:00", "src": "DP3", "dst": "CP(i=4)", "bytes": 381}
{"ts": "2025-12-18T04:20:44.955+00:00", "src": "DP3", "dst": "CP(i=5)", "bytes": 381}
{"ts": "2025-12-18T04:20:45.028+00:00", "src": "DP4", "dst": "CP(i=1)", "bytes": 381}
{"ts": "2025-12-18T04:20:45.028+00:00", "src": "DP4", "dst": "CP(i=2)", "bytes": 381}
{"ts": "2025-12-18T04:20:45.028+00:00", "src": "DP4", "dst": "CP(i=3)", "bytes": 381}
{"ts": "2025-12-18T04:20:45.028+00:00", "src": "DP4", "dst": "CP(i=4)", "bytes": 381}
{"ts": "2025-12-18T04:20:45.028+00:00", "src": "DP4", "dst": "CP(i=5)", "bytes": 381}
{"ts": "2025-12-18T04:20:45.063+00:00", "src": "DP5", "dst": "CP(i=1)", "bytes": 381}
{"ts": "2025-12-18T04:20:45.063+00:00", "src": "DP5", "dst": "CP(i=2)", "bytes": 381}
{"ts": "2025-12-18T04:20:45.063+00:00", "src": "DP5", "dst": "CP(i=3)", "bytes": 381}
{"ts": "2025-12-18T04:20:45.063+00:00", "src": "DP5", "dst": "CP(i=4)", "bytes": 381}
{"ts": "2025-12-18T04:20:45.063+00:00", "src": "DP5", "dst": "CP(i=5)", "bytes": 381}
{"ts": "2025-12-18T04:20:45.098+00:00", "src": "DP6", "dst": "CP(i=1)", "bytes": 381}
{"ts": "2025-12-18T04:20:45.098+00:00", "src": "DP6", "dst": "CP(i=2)", "bytes": 381}
{"ts": "2025-12-18T04:20:45.098+00:00", "src": "DP6", "dst": "CP(i=3)", "bytes": 381}
{"ts": "2025-12-18T04:20:45.098+00:00", "src": "DP6", "dst": "CP(i=4)", "bytes": 381}
{"ts": "2025-12-18T04:20:45.098+00:00", "src": "DP6", "dst": "CP(i=5)", "bytes": 381}
{"ts": "2025-12-18T04:20:45.134+00:00", "src": "DP7", "dst": "CP(i=1)", "bytes": 381}
{"ts": "2025-12-18T04:20:45.134+00:00", "src": "DP7", "dst": "CP(i=2)", "bytes": 381}
{"ts": "2025-12-18T04:20:45.134+00:00", "src": "DP7", "dst": "CP(i=3)", "bytes": 381}
{"ts": "2025-12-18T04:20:45.134+00:00", "src": "DP7", "dst": "CP(i=4)", "bytes": 381}
{"ts": "2025-12-18T04:20:45.134+00:00", "src": "DP7", "dst": "CP(i=5)", "bytes": 381}
{"ts": "2025-12-18T04:20:45.169+00:00", "src": "DP8", "dst": "CP(i=1)", "bytes": 381}
{"ts": "2025-12-18T04:20:45.169+00:00", "src": "DP8", "dst": "CP(i=2)", "bytes": 381}
{"ts": "2025-12-18T04:20:45.169+00:00", "src": "DP8", "dst": "CP(i=3)", "bytes": 381}
{"ts": "2025-12-18T04:20:45.169+00:00", "src": "DP8", "dst": "CP(i=4)", "bytes": 381}
{"ts": "2025-12-18T04:20:45.169+00:00", "src": "DP8", "dst": "CP(i=5)", "bytes": 381}
{"ts": "2025-12-18T04:20:45.204+00:00", "src": "DP9", "dst": "CP(i=1)", "bytes": 381}
{"ts": "2025-12-18T04:20:45.204+00:00", "src": "DP9", "dst": "CP(i=2)", "bytes": 381}
{"ts": "2025-12-18T04:20:45.205+00:00", "src": "DP9", "dst": "CP(i=3)", "bytes": 381}
{"ts": "2025-12-18T04:20:45.205+00:00", "src": "DP9", "dst": "CP(i=4)", "bytes": 381}
{"ts": "2025-12-18T04:20:45.205+00:00", "src": "DP9", "dst": "CP(i=5)", "bytes": 381}
{"ts": "2025-12-18T04:20:45.240+00:00", "src": "DP10", "dst": "CP(i=1)", "bytes": 381}
{"ts": "2025-12-18T04:20:45.240+00:00", "src": "DP10", "dst": "CP(i=2)", "bytes": 381}
{"ts": "2025-12-18T04:20:45.240+00:00", "src": "DP10", "dst": "CP(i=3)", "bytes": 381}
{"ts": "2025-12-18T04:20:45.240+00:00", "src": "DP10", "dst": "CP(i=4)", "bytes": 381}
{"ts": "2025-12-18T04:20:45.240+00:00", "src": "DP10", "dst": "CP(i=5)", "bytes": 381}
{"ts": "2025-12-18T04:20:45.275+00:00", "src": "DP11", "dst": "CP(i=1)", "bytes": 381}
{"ts": "2025-12-18T04:20:45.275+00:00", "src": "DP11", "dst": "CP(i=2)", "bytes": 381}
{"ts": "2025-12-18T04:20:45.275+00:00", "src": "DP11", "dst": "CP(i=3)", "bytes": 381}
{"ts": "2025-12-18T04:20:45.275+00:00", "src": "DP11", "dst": "CP(i=4)", "bytes": 381}
{"ts": "2025-12-18T04:20:45.275+00:00", "src": "DP11", "dst": "CP(i=5)", "bytes": 381}
{"ts": "2025-12-18T04:20:45.310+00:00", "src": "DP12", "dst": "CP(i=1)", "bytes": 381}
{"ts": "2025-12-18T04:20:45.310+00:00", "src": "DP12", "dst": "CP(i=2)", "bytes": 381}
{"ts": "2025-12-18T04:20:45.310+00:00", "src": "DP12", "dst": "CP(i=3)", "bytes": 381}
{"ts": "2025-12-18T04:20:45.310+00:00", "src": "DP12", "dst": "CP(i=4)", "bytes": 381}
{"ts": "2025-12-18T04:20:45.310+00:00", "src": "DP12", "dst": "CP(i=5)", "bytes": 381}
{"ts": "2025-12-18T04:20:45.346+00:00", "src": "DP13", "dst": "CP(i=1)", "bytes": 381}
{"ts": "2025-12-18T04:20:45.346+00:00", "src": "DP13", "dst": "CP(i=2)", "bytes": 381}
{"ts": "2025-12-18T04:20:45.346+00:00", "src": "DP13", "dst": "CP(i=3)", "bytes": 381}
{"ts": "2025-12-18T04:20:45.346+00:00", "src": "DP13", "dst": "CP(i=4)", "bytes": 381}
{"ts": "2025-12-18T04:20:45.346+00:00", "src": "DP13", "dst": "CP(i=5)", "bytes": 381}
{"ts": "2025-12-18T04:20:45.381+00:00", "src": "DP14", "dst": "CP(i=1)", "bytes": 381}
{"ts": "2025-12-18T04:20:45.381+00:00", "src": "DP14", "dst": "CP(i=2)", "bytes": 381}
{"ts": "2025-12-18T04:20:45.381+00:00", "src": "DP14", "dst": "CP(i=3)", "bytes": 381}
{"ts": "2025-12-18T04:20:45.381+00:00", "src": "DP14", "dst": "CP(i=4)", "bytes": 381}
{"ts": "2025-12-18T04:20:45.381+00:00", "src": "DP14", "dst": "CP(i=5)", "bytes": 381}
{"ts": "2025-12-18T04:20:45.416+00:00", "src": "DP15", "dst": "CP(i=1)", "bytes": 381}
{"ts": "2025-12-18T04:20:45.416+00:00", "src": "DP15", "dst": "CP(i=2)", "bytes": 381}
{"ts": "2025-12-18T04:20:45.416+00:00", "src": "DP15", "dst": "CP(i=3)", "bytes": 381}
{"ts": "2025-12-18T04:20:45.416+00:00", "src": "DP15", "dst": "CP(i=4)", "bytes": 381}
{"ts": "2025-12-18T04:20:45.416+00:00", "src": "DP15", "dst": "CP(i=5)", "bytes": 381}
{"ts": "2025-12-18T04:20:45.451+00:00", "src": "DP16", "dst": "CP(i=1)", "bytes": 381}
{"ts": "2025-12-18T04:20:45.451+00:00", "src": "DP16", "dst": "CP(i=2)", "bytes": 381}
{"ts": "2025-12-18T04:20:45.451+00:00", "src": "DP16", "dst": "CP(i=3)", "bytes": 381}
{"ts": "2025-12-18T04:20:45.451+00:00", "src": "DP16", "dst": "CP(i=4)", "bytes": 381}
{"ts": "2025-12-18T04:20:45.451+00:00", "src": "DP16", "dst": "CP(i=5)", "bytes": 381}
{"ts": "2025-12-18T04:20:45.486+00:00", "src": "DP17", "dst": "CP(i=1)", "bytes": 381}
{"ts": "2025-12-18T04:20:45.486+00:00", "src": "DP17", "dst": "CP(i=2)", "bytes": 381}
{"ts": "2025-12-18T04:20:45.486+00:00", "src": "DP17", "dst": "CP(i=3)", "bytes": 381}
{"ts": "2025-12-18T04:20:45.486+00:00", "src": "DP17", "dst": "CP(i=4)", "bytes": 381}
{"ts": "2025-12-18T04:20:45.486+00:00", "src": "DP17", "dst": "CP(i=5)", "bytes": 381}
{"ts": "2025-12-18T04:20:45.522+00:00", "src": "DP18", "dst": "CP(i=1)", "bytes": 381}
{"ts": "2025-12-18T04:20:45.522+00:00", "src": "DP18", "dst": "CP(i=2)", "bytes": 381}
{"ts": "2025-12-18T04:20:45.522+00:00", "src": "DP18", "dst": "CP(i=3)", "bytes": 381}
{"ts": "2025-12-18T04:20:45.522+00:00", "src": "DP18", "dst": "CP(i=4)", "bytes": 381}
{"ts": "2025-12-18T04:20:45.522+00:00", "src": "DP18", "dst": "CP(i=5)", "bytes": 381}
{"ts": "2025-12-18T04:20:45.559+00:00", "src": "DP19", "dst": "CP(i=1)", "bytes": 381}
{"ts": "2025-12-18T04:20:45.560+00:00", "src": "DP19", "dst": "CP(i=2)", "bytes": 381}
{"ts": "2025-12-18T04:20:45.560+00:00", "src": "DP19", "dst": "CP(i=3)", "bytes": 381}
{"ts": "2025-12-18T04:20:45.560+00:00", "src": "DP19", "dst": "CP(i=4)", "bytes": 381}
{"ts": "2025-12-18T04:20:45.560+00:00", "src": "DP19", "dst": "CP(i=5)", "bytes": 381}
{"ts": "2025-12-18T04:20:45.596+00:00", "src": "DP20", "dst": "CP(i=1)", "bytes": 381}
{"ts": "2025-12-18T04:20:45.596+00:00", "src": "DP20", "dst": "CP(i=2)", "bytes": 381}
{"ts": "2025-12-18T04:20:45.596+00:00", "src": "DP20", "dst": "CP(i=3)", "bytes": 381}
{"ts": "2025-12-18T04:20:45.596+00:00", "src": "DP20", "dst": "CP(i=4)", "bytes": 381}
{"ts": "2025-12-18T04:20:45.596+00:00", "src": "DP20", "dst": "CP(i=5)", "bytes": 381}
{"ts": "2025-12-18T04:20:45.596+00:00", "src": "", "dst": "", "bytes": 0, "phase": "share_encrypt_pvss_attach_done", "duration": 0.744893}
{"ts": "2025-12-18T04:20:46.606+00:00", "src": "", "dst": "", "bytes": 0, "phase": "cp_decrypt_pvss_verify_local_compute_done", "duration": 1.009509}
{"ts": "2025-12-18T04:20:46.607+00:00", "src": "CP(i=1)", "dst": "Edge", "bytes": 95}
{"ts": "2025-12-18T04:20:46.607+00:00", "src": "CP(i=2)", "dst": "Edge", "bytes": 95}
{"ts": "2025-12-18T04:20:46.608+00:00", "src": "CP(i=3)", "dst": "Edge", "bytes": 95}
{"ts": "2025-12-18T04:20:46.610+00:00", "src": "", "dst": "", "bytes": 0, "phase": "edge_reconstruct_done", "duration": 0.001626}
